0 info it worked if it ends with ok
1 verbose cli [ '/usr/bin/nodejs', '/usr/bin/npm', 'start' ]
2 info using npm@3.5.2
3 info using node@v4.2.6
4 verbose run-script [ 'prestart', 'start', 'poststart' ]
5 info lifecycle reveal.js@3.7.0~prestart: reveal.js@3.7.0
6 silly lifecycle reveal.js@3.7.0~prestart: no script for prestart, continuing
7 info lifecycle reveal.js@3.7.0~start: reveal.js@3.7.0
8 verbose lifecycle reveal.js@3.7.0~start: unsafe-perm in lifecycle true
9 verbose lifecycle reveal.js@3.7.0~start: PATH: /usr/share/npm/bin/node-gyp-bin:/home/matsushita-d/reveal.js/node_modules/.bin:/home/matsushita-d/opt:/home/matsushita-d/.embulk/bin:/home/matsushita-d/opt/swift/swift-4.1.3-RELEASE-ubuntu16.04/usr/bin:/home/matsushita-d/bin/Sencha/Cmd/5.1.0.26:/home/matsushita-d/.gem/ruby/1.8/bin:/u01/app/oracle/product/11.2.0/xe/bin:/home/matsushita-d/opt/ant/bin:/home/matsushita-d/opt/tomcat/bin:/home/matsushita-d/opt/jdk/bin:/home/matsushita-d/bin/Sencha/Cmd/5.1.0.26:/home/matsushita-d/bin:/usr/local/sbin:/usr/local/bin:/usr/sbin:/usr/bin:/sbin:/bin:/usr/games:/usr/local/games:/snap/bin:/usr/local/go/bin:/home/matsushita-d/go/bin
10 verbose lifecycle reveal.js@3.7.0~start: CWD: /home/matsushita-d/reveal.js
11 silly lifecycle reveal.js@3.7.0~start: Args: [ '-c', 'grunt serve' ]
12 silly lifecycle reveal.js@3.7.0~start: Returned: code: 1  signal: null
13 info lifecycle reveal.js@3.7.0~start: Failed to exec start script
14 verbose stack Error: reveal.js@3.7.0 start: `grunt serve`
14 verbose stack Exit status 1
14 verbose stack     at EventEmitter.<anonymous> (/usr/share/npm/lib/utils/lifecycle.js:232:16)
14 verbose stack     at emitTwo (events.js:87:13)
14 verbose stack     at EventEmitter.emit (events.js:172:7)
14 verbose stack     at ChildProcess.<anonymous> (/usr/share/npm/lib/utils/spawn.js:24:14)
14 verbose stack     at emitTwo (events.js:87:13)
14 verbose stack     at ChildProcess.emit (events.js:172:7)
14 verbose stack     at maybeClose (internal/child_process.js:821:16)
14 verbose stack     at Process.ChildProcess._handle.onexit (internal/child_process.js:211:5)
15 verbose pkgid reveal.js@3.7.0
16 verbose cwd /home/matsushita-d/reveal.js
17 error Linux 4.4.0-124-generic
18 error argv "/usr/bin/nodejs" "/usr/bin/npm" "start"
19 error node v4.2.6
20 error npm  v3.5.2
21 error code ELIFECYCLE
22 error reveal.js@3.7.0 start: `grunt serve`
22 error Exit status 1
23 error Failed at the reveal.js@3.7.0 start script 'grunt serve'.
23 error Make sure you have the latest version of node.js and npm installed.
23 error If you do, this is most likely a problem with the reveal.js package,
23 error not with npm itself.
23 error Tell the author that this fails on your system:
23 error     grunt serve
23 error You can get information on how to open an issue for this project with:
23 error     npm bugs reveal.js
23 error Or if that isn't available, you can get their info via:
23 error     npm owner ls reveal.js
23 error There is likely additional logging output above.
24 verbose exit [ 1, true ]
